android/app/build/intermediates/manifest_merge_blame_file/debug/manifest-merger-blame-debug-report.txt
1<?xml version="1.0" encoding="utf-8"?>
2<manifest xmlns:android="http://schemas.android.com/apk/res/android"
3    package="com.radisys"
4    android:versionCode="1"
5    android:versionName="1.0" >
6
7    <uses-sdk
8        android:minSdkVersion="21"
9        android:targetSdkVersion="29" />
10
11    <uses-permission android:name="android.permission.SYSTEM_ALERT_WINDOW" />
11-->src\main\AndroidManifest.xml:10:5-78
11-->src\main\AndroidManifest.xml:10:22-75
12    <uses-permission android:name="android.permission.ACCESS_NETWORK_STATE" />
12-->src\main\AndroidManifest.xml:4:5-79
12-->src\main\AndroidManifest.xml:4:22-76
13    <uses-permission android:name="android.permission.BLUETOOTH" />
13-->src\main\AndroidManifest.xml:5:5-68
13-->src\main\AndroidManifest.xml:5:22-65
14    <uses-permission android:name="android.permission.CAMERA" />
14-->src\main\AndroidManifest.xml:6:5-65
14-->src\main\AndroidManifest.xml:6:22-62
15    <uses-permission android:name="android.permission.INTERNET" />
15-->src\main\AndroidManifest.xml:7:5-67
15-->src\main\AndroidManifest.xml:7:22-64
16    <uses-permission android:name="android.permission.MODIFY_AUDIO_SETTINGS" />
16-->src\main\AndroidManifest.xml:8:5-80
16-->src\main\AndroidManifest.xml:8:22-77
17    <uses-permission android:name="android.permission.RECORD_AUDIO" />
17-->src\main\AndroidManifest.xml:9:5-71
17-->src\main\AndroidManifest.xml:9:22-68
18    <uses-permission android:name="android.permission.WAKE_LOCK" />
18-->src\main\AndroidManifest.xml:11:5-68
18-->src\main\AndroidManifest.xml:11:22-65
19    <uses-permission android:name="android.permission.ACCESS_WIFI_STATE" />
19-->[com.facebook.flipper:flipper:0.75.1] AndroidManifest.xml:16:5-76
19-->[com.facebook.flipper:flipper:0.75.1] AndroidManifest.xml:16:22-73
20
21    <application
21-->src\main\AndroidManifest.xml:13:5-31:19
22        android:name="com.radisys.MainApplication"
22-->src\main\AndroidManifest.xml:14:7-38
23        android:allowBackup="false"
23-->src\main\AndroidManifest.xml:18:7-34
24        android:appComponentFactory="androidx.core.app.CoreComponentFactory"
24-->[androidx.core:core:1.1.0] AndroidManifest.xml:24:18-86
25        android:debuggable="true"
26        android:icon="@mipmap/ic_launcher"
26-->src\main\AndroidManifest.xml:16:7-41
27        android:label="@string/app_name"
27-->src\main\AndroidManifest.xml:15:7-39
28        android:roundIcon="@mipmap/ic_launcher_round"
28-->src\main\AndroidManifest.xml:17:7-52
29        android:theme="@style/AppTheme"
29-->src\main\AndroidManifest.xml:19:7-38
30        android:usesCleartextTraffic="true" >
30-->src\debug\AndroidManifest.xml:8:9-44
31        <activity android:name="com.facebook.react.devsupport.DevSettingsActivity" />
31-->src\debug\AndroidManifest.xml:11:9-86
31-->src\debug\AndroidManifest.xml:11:19-83
32        <activity
32-->src\main\AndroidManifest.xml:20:7-30:18
33            android:name="com.radisys.MainActivity"
33-->src\main\AndroidManifest.xml:21:9-37
34            android:configChanges="keyboard|keyboardHidden|orientation|screenSize|uiMode"
34-->src\main\AndroidManifest.xml:23:9-86
35            android:label="@string/app_name"
35-->src\main\AndroidManifest.xml:22:9-41
36            android:launchMode="singleTask"
36-->src\main\AndroidManifest.xml:24:9-40
37            android:windowSoftInputMode="adjustResize" >
37-->src\main\AndroidManifest.xml:25:9-51
38            <intent-filter>
38-->src\main\AndroidManifest.xml:26:9-29:25
39                <action android:name="android.intent.action.MAIN" />
39-->src\main\AndroidManifest.xml:27:13-65
39-->src\main\AndroidManifest.xml:27:21-62
40
41                <category android:name="android.intent.category.LAUNCHER" />
41-->src\main\AndroidManifest.xml:28:13-73
41-->src\main\AndroidManifest.xml:28:23-70
42            </intent-filter>
43        </activity>
44    </application>
45
46</manifest>